<?xml version="1.0" encoding="UTF-8"?>
<testng-results ignored="0" total="3" passed="3" failed="0" skipped="0">
  <reporter-output>
  </reporter-output>
  <suite started-at="2023-05-02T16:10:35 IST" name="Default suite" finished-at="2023-05-02T16:10:50 IST" duration-ms="15623">
    <groups>
    </groups>
    <test started-at="2023-05-02T16:10:35 IST" name="Default test" finished-at="2023-05-02T16:10:50 IST" duration-ms="15623">
      <class name="tamilman.mani">
        <test-method is-config="true" signature="start()[pri:0, instance:tamilman.mani@2ed2d9cb]" started-at="2023-05-02T16:10:35 IST" name="start" finished-at="2023-05-02T16:10:49 IST" duration-ms="14614" status="PASS">
          <reporter-output>
          </reporter-output>
        </test-method> <!-- start -->
        <test-method signature="GetTitle()[pri:0, instance:tamilman.mani@2ed2d9cb]" started-at="2023-05-02T16:10:50 IST" name="GetTitle" finished-at="2023-05-02T16:10:50 IST" duration-ms="724" status="PASS">
          <reporter-output>
          </reporter-output>
        </test-method> <!-- GetTitle -->
        <test-method signature="GetURl()[pri:0, instance:tamilman.mani@2ed2d9cb]" started-at="2023-05-02T16:10:50 IST" name="GetURl" finished-at="2023-05-02T16:10:50 IST" duration-ms="32" status="PASS">
          <reporter-output>
          </reporter-output>
        </test-method> <!-- GetURl -->
        <test-method signature="GetWindowhandle()[pri:0, instance:tamilman.mani@2ed2d9cb]" started-at="2023-05-02T16:10:50 IST" name="GetWindowhandle" finished-at="2023-05-02T16:10:50 IST" duration-ms="5" status="PASS">
          <reporter-output>
          </reporter-output>
        </test-method> <!-- GetWindowhandle -->
        <test-method is-config="true" signature="end()[pri:0, instance:tamilman.mani@2ed2d9cb]" started-at="2023-05-02T16:10:50 IST" name="end" finished-at="2023-05-02T16:10:50 IST" duration-ms="145" status="PASS">
          <reporter-output>
          </reporter-output>
        </test-method> <!-- end -->
      </class> <!-- tamilman.mani -->
    </test> <!-- Default test -->
  </suite> <!-- Default suite -->
</testng-results>
